8:11:02 PM  [main] 	Initializing Control Panel
8:11:02 PM  [main] 	Windows Version:  Enterprise  64-bit
8:11:02 PM  [main] 	XAMPP Version: 7.3.9
8:11:02 PM  [main] 	Control Panel Version: 3.2.4  [ Compiled: Jun 5th 2019 ]
8:11:02 PM  [main] 	You are not running with administrator rights! This will work for
8:11:02 PM  [main] 	most application stuff but whenever you do something with services
8:11:02 PM  [main] 	there will be a security dialogue or things will break! So think 
8:11:02 PM  [main] 	about running this application with administrator rights!
8:11:02 PM  [main] 	XAMPP Installation Directory: "d:\cnweb\cse485_175a071210\xampp\"
8:11:02 PM  [main] 	Checking for prerequisites
8:11:03 PM  [main] 	All prerequisites found
8:11:03 PM  [main] 	Initializing Modules
8:11:03 PM  [main] 	Starting Check-Timer
8:11:03 PM  [main] 	Control Panel Ready
8:11:08 PM  [Apache] 	Attempting to start Apache app...
8:11:09 PM  [Apache] 	Status change detected: running
8:11:11 PM  [mysql] 	Attempting to start MySQL app...
8:11:11 PM  [mysql] 	Status change detected: running
9:21:36 PM  [mysql] 	Attempting to stop MySQL app...
9:21:36 PM  [mysql] 	Status change detected: stopped
9:21:36 PM  [Apache] 	Attempting to stop Apache (PID: 10524)
9:21:36 PM  [Apache] 	Attempting to stop Apache (PID: 7656)
9:21:37 PM  [Apache] 	Status change detected: stopped
11:07:07 PM  [main] 	Deinitializing Modules
11:07:07 PM  [main] 	Deinitializing Control Panel

6:54:18 PM  [main] 	Initializing Control Panel
6:54:18 PM  [main] 	Windows Version:  Enterprise  64-bit
6:54:18 PM  [main] 	XAMPP Version: 7.3.9
6:54:18 PM  [main] 	Control Panel Version: 3.2.4  [ Compiled: Jun 5th 2019 ]
6:54:18 PM  [main] 	You are not running with administrator rights! This will work for
6:54:18 PM  [main] 	most application stuff but whenever you do something with services
6:54:18 PM  [main] 	there will be a security dialogue or things will break! So think 
6:54:18 PM  [main] 	about running this application with administrator rights!
6:54:18 PM  [main] 	XAMPP Installation Directory: "d:\cnweb\cse485_175a071210\xampp\"
6:54:18 PM  [main] 	Checking for prerequisites
6:54:18 PM  [main] 	All prerequisites found
6:54:18 PM  [main] 	Initializing Modules
6:54:18 PM  [main] 	Starting Check-Timer
6:54:18 PM  [main] 	Control Panel Ready
6:54:20 PM  [Apache] 	Attempting to start Apache app...
6:54:20 PM  [Apache] 	Status change detected: running
6:54:20 PM  [mysql] 	Attempting to start MySQL app...
6:54:21 PM  [mysql] 	Status change detected: running
11:23:10 PM  [mysql] 	Attempting to stop MySQL app...
11:23:10 PM  [mysql] 	Status change detected: stopped
11:23:10 PM  [Apache] 	Attempting to stop Apache (PID: 7740)
11:23:10 PM  [Apache] 	Attempting to stop Apache (PID: 2116)
11:23:10 PM  [Apache] 	Status change detected: stopped
11:23:50 PM  [main] 	Deinitializing Modules
11:23:50 PM  [main] 	Deinitializing Control Panel

7:46:14 AM  [main] 	Initializing Control Panel
7:46:14 AM  [main] 	Windows Version:  Enterprise  64-bit
7:46:14 AM  [main] 	XAMPP Version: 7.3.9
7:46:14 AM  [main] 	Control Panel Version: 3.2.4  [ Compiled: Jun 5th 2019 ]
7:46:14 AM  [main] 	You are not running with administrator rights! This will work for
7:46:14 AM  [main] 	most application stuff but whenever you do something with services
7:46:14 AM  [main] 	there will be a security dialogue or things will break! So think 
7:46:14 AM  [main] 	about running this application with administrator rights!
7:46:14 AM  [main] 	XAMPP Installation Directory: "d:\cnweb\cse485_175a071210\xampp\"
7:46:14 AM  [main] 	Checking for prerequisites
7:46:15 AM  [main] 	All prerequisites found
7:46:15 AM  [main] 	Initializing Modules
7:46:15 AM  [main] 	Starting Check-Timer
7:46:15 AM  [main] 	Control Panel Ready
7:46:28 AM  [Apache] 	Attempting to start Apache app...
7:46:28 AM  [Apache] 	Status change detected: running
7:46:28 AM  [mysql] 	Attempting to start MySQL app...
7:46:28 AM  [mysql] 	Status change detected: running
12:24:04 PM  [Apache] 	Attempting to stop Apache (PID: 6684)
12:24:04 PM  [Apache] 	Attempting to stop Apache (PID: 8372)
12:24:04 PM  [Apache] 	Status change detected: stopped
12:24:04 PM  [mysql] 	Attempting to stop MySQL app...
12:24:04 PM  [mysql] 	Status change detected: stopped
1:08:14 PM  [main] 	Deinitializing Modules
1:08:14 PM  [main] 	Deinitializing Control Panel

2:27:46 PM  [main] 	Initializing Control Panel
2:27:46 PM  [main] 	Windows Version:  Enterprise  64-bit
2:27:46 PM  [main] 	XAMPP Version: 7.3.9
2:27:46 PM  [main] 	Control Panel Version: 3.2.4  [ Compiled: Jun 5th 2019 ]
2:27:46 PM  [main] 	You are not running with administrator rights! This will work for
2:27:46 PM  [main] 	most application stuff but whenever you do something with services
2:27:46 PM  [main] 	there will be a security dialogue or things will break! So think 
2:27:46 PM  [main] 	about running this application with administrator rights!
2:27:46 PM  [main] 	XAMPP Installation Directory: "d:\cnweb\cse485_175a071210\xampp\"
2:27:46 PM  [main] 	Checking for prerequisites
2:27:47 PM  [main] 	All prerequisites found
2:27:47 PM  [main] 	Initializing Modules
2:27:47 PM  [main] 	Starting Check-Timer
2:27:47 PM  [main] 	Control Panel Ready
2:31:30 PM  [Apache] 	Attempting to start Apache app...
2:31:30 PM  [Apache] 	Status change detected: running
2:31:30 PM  [mysql] 	Attempting to start MySQL app...
2:31:31 PM  [mysql] 	Status change detected: running
3:55:55 PM  [Apache] 	Attempting to stop Apache (PID: 5280)
3:55:55 PM  [Apache] 	Attempting to stop Apache (PID: 8964)
3:55:56 PM  [Apache] 	Status change detected: stopped
3:56:00 PM  [mysql] 	Attempting to stop MySQL app...
3:56:01 PM  [mysql] 	Status change detected: stopped
3:56:12 PM  [main] 	Deinitializing Modules
3:56:12 PM  [main] 	Deinitializing Control Panel

8:08:19 PM  [main] 	Initializing Control Panel
8:08:19 PM  [main] 	Windows Version:  Enterprise  64-bit
8:08:19 PM  [main] 	XAMPP Version: 7.3.9
8:08:19 PM  [main] 	Control Panel Version: 3.2.4  [ Compiled: Jun 5th 2019 ]
8:08:19 PM  [main] 	You are not running with administrator rights! This will work for
8:08:19 PM  [main] 	most application stuff but whenever you do something with services
8:08:19 PM  [main] 	there will be a security dialogue or things will break! So think 
8:08:19 PM  [main] 	about running this application with administrator rights!
8:08:19 PM  [main] 	XAMPP Installation Directory: "d:\cnweb\cse485_175a071210\xampp\"
8:08:19 PM  [main] 	Checking for prerequisites
8:08:19 PM  [main] 	All prerequisites found
8:08:19 PM  [main] 	Initializing Modules
8:08:19 PM  [main] 	Starting Check-Timer
8:08:19 PM  [main] 	Control Panel Ready
8:08:53 PM  [Apache] 	Status change detected: running
8:08:54 PM  [mysql] 	Status change detected: running
10:58:50 PM  [mysql] 	Status change detected: stopped
10:58:50 PM  [mysql] 	Error: MySQL shutdown unexpectedly.
10:58:50 PM  [mysql] 	This may be due to a blocked port, missing dependencies, 
10:58:50 PM  [mysql] 	improper privileges, a crash, or a shutdown by another method.
10:58:50 PM  [mysql] 	Press the Logs button to view error logs and check
10:58:50 PM  [mysql] 	the Windows Event Viewer for more clues
10:58:50 PM  [mysql] 	If you need more help, copy and post this
10:58:50 PM  [mysql] 	entire log window on the forums
10:58:50 PM  [Apache] 	Status change detected: stopped
10:58:51 PM  [Apache] 	Error: Apache shutdown unexpectedly.
10:58:51 PM  [Apache] 	This may be due to a blocked port, missing dependencies, 
10:58:51 PM  [Apache] 	improper privileges, a crash, or a shutdown by another method.
10:58:51 PM  [Apache] 	Press the Logs button to view error logs and check
10:58:51 PM  [Apache] 	the Windows Event Viewer for more clues
10:58:51 PM  [Apache] 	If you need more help, copy and post this
10:58:51 PM  [Apache] 	entire log window on the forums
11:46:09 PM  [main] 	Deinitializing Modules
11:46:09 PM  [main] 	Deinitializing Control Panel

8:49:04 AM  [main] 	Initializing Control Panel
8:49:04 AM  [main] 	Windows Version:  Enterprise  64-bit
8:49:04 AM  [main] 	XAMPP Version: 7.3.9
8:49:04 AM  [main] 	Control Panel Version: 3.2.4  [ Compiled: Jun 5th 2019 ]
8:49:04 AM  [main] 	You are not running with administrator rights! This will work for
8:49:04 AM  [main] 	most application stuff but whenever you do something with services
8:49:04 AM  [main] 	there will be a security dialogue or things will break! So think 
8:49:04 AM  [main] 	about running this application with administrator rights!
8:49:04 AM  [main] 	XAMPP Installation Directory: "d:\cnweb\cse485_175a071210\xampp\"
8:49:04 AM  [main] 	Checking for prerequisites
8:49:04 AM  [main] 	All prerequisites found
8:49:04 AM  [main] 	Initializing Modules
8:49:04 AM  [main] 	Starting Check-Timer
8:49:04 AM  [main] 	Control Panel Ready
8:49:27 AM  [Apache] 	Attempting to start Apache app...
8:49:27 AM  [mysql] 	Attempting to start MySQL app...
8:49:28 AM  [Apache] 	Status change detected: running
8:49:28 AM  [mysql] 	Status change detected: running
10:26:42 AM  [mysql] 	Attempting to stop MySQL app...
10:26:42 AM  [mysql] 	Status change detected: stopped
10:26:43 AM  [Apache] 	Attempting to stop Apache (PID: 10924)
10:26:43 AM  [Apache] 	Attempting to stop Apache (PID: 13744)
10:26:43 AM  [Apache] 	Status change detected: stopped
10:33:41 AM  [main] 	Deinitializing Modules
10:33:41 AM  [main] 	Deinitializing Control Panel

7:29:46 PM  [main] 	Initializing Control Panel
7:29:46 PM  [main] 	Windows Version:  Enterprise  64-bit
7:29:46 PM  [main] 	XAMPP Version: 7.3.9
7:29:46 PM  [main] 	Control Panel Version: 3.2.4  [ Compiled: Jun 5th 2019 ]
7:29:46 PM  [main] 	You are not running with administrator rights! This will work for
7:29:46 PM  [main] 	most application stuff but whenever you do something with services
7:29:46 PM  [main] 	there will be a security dialogue or things will break! So think 
7:29:46 PM  [main] 	about running this application with administrator rights!
7:29:46 PM  [main] 	XAMPP Installation Directory: "d:\cnweb\cse485_175a071210\xampp\"
7:29:46 PM  [main] 	Checking for prerequisites
7:29:46 PM  [main] 	All prerequisites found
7:29:46 PM  [main] 	Initializing Modules
7:29:46 PM  [main] 	Starting Check-Timer
7:29:46 PM  [main] 	Control Panel Ready
7:33:30 PM  [Apache] 	Attempting to start Apache app...
7:33:30 PM  [Apache] 	Status change detected: running
7:33:30 PM  [mysql] 	Attempting to start MySQL app...
7:33:30 PM  [mysql] 	Status change detected: running
12:06:42 AM  [mysql] 	Attempting to stop MySQL app...
12:06:42 AM  [mysql] 	Status change detected: stopped
12:06:43 AM  [Apache] 	Attempting to stop Apache (PID: 936)
12:06:43 AM  [Apache] 	Attempting to stop Apache (PID: 13572)
12:06:43 AM  [Apache] 	Status change detected: stopped
12:20:17 AM  [main] 	Deinitializing Modules
12:20:17 AM  [main] 	Deinitializing Control Panel

8:54:11 AM  [main] 	Initializing Control Panel
8:54:11 AM  [main] 	Windows Version:  Enterprise  64-bit
8:54:11 AM  [main] 	XAMPP Version: 7.3.9
8:54:11 AM  [main] 	Control Panel Version: 3.2.4  [ Compiled: Jun 5th 2019 ]
8:54:11 AM  [main] 	You are not running with administrator rights! This will work for
8:54:11 AM  [main] 	most application stuff but whenever you do something with services
8:54:11 AM  [main] 	there will be a security dialogue or things will break! So think 
8:54:11 AM  [main] 	about running this application with administrator rights!
8:54:11 AM  [main] 	XAMPP Installation Directory: "d:\cnweb\cse485_175a071210\xampp\"
8:54:11 AM  [main] 	Checking for prerequisites
8:54:11 AM  [main] 	All prerequisites found
8:54:11 AM  [main] 	Initializing Modules
8:54:11 AM  [main] 	Starting Check-Timer
8:54:11 AM  [main] 	Control Panel Ready
8:54:16 AM  [Apache] 	Attempting to start Apache app...
8:54:17 AM  [Apache] 	Status change detected: running
8:54:17 AM  [mysql] 	Attempting to start MySQL app...
8:54:17 AM  [mysql] 	Status change detected: running
9:53:17 AM  [Apache] 	Attempting to stop Apache (PID: 10092)
9:53:17 AM  [Apache] 	Attempting to stop Apache (PID: 12384)
9:53:17 AM  [Apache] 	Status change detected: stopped
9:53:17 AM  [mysql] 	Attempting to stop MySQL app...
9:53:17 AM  [mysql] 	Status change detected: stopped
10:32:27 AM  [main] 	Deinitializing Modules
10:32:27 AM  [main] 	Deinitializing Control Panel

8:25:32 PM  [main] 	Initializing Control Panel
8:25:32 PM  [main] 	Windows Version:  Enterprise  64-bit
8:25:32 PM  [main] 	XAMPP Version: 7.3.9
8:25:32 PM  [main] 	Control Panel Version: 3.2.4  [ Compiled: Jun 5th 2019 ]
8:25:32 PM  [main] 	You are not running with administrator rights! This will work for
8:25:32 PM  [main] 	most application stuff but whenever you do something with services
8:25:32 PM  [main] 	there will be a security dialogue or things will break! So think 
8:25:32 PM  [main] 	about running this application with administrator rights!
8:25:32 PM  [main] 	XAMPP Installation Directory: "d:\cnweb\cse485_175a071210\xampp\"
8:25:32 PM  [main] 	Checking for prerequisites
8:25:32 PM  [main] 	All prerequisites found
8:25:32 PM  [main] 	Initializing Modules
8:25:32 PM  [main] 	Starting Check-Timer
8:25:32 PM  [main] 	Control Panel Ready
8:25:34 PM  [Apache] 	Attempting to start Apache app...
8:25:35 PM  [Apache] 	Status change detected: running
8:25:36 PM  [Apache] 	Attempting to stop Apache (PID: 8384)
8:25:36 PM  [Apache] 	Attempting to stop Apache (PID: 8152)
8:25:36 PM  [Apache] 	Status change detected: stopped
8:32:11 PM  [Apache] 	Attempting to start Apache app...
8:32:11 PM  [Apache] 	Status change detected: running
8:32:11 PM  [mysql] 	Attempting to start MySQL app...
8:32:12 PM  [mysql] 	Status change detected: running
8:36:23 PM  [mysql] 	Attempting to stop MySQL app...
8:36:24 PM  [mysql] 	Status change detected: stopped
8:36:24 PM  [Apache] 	Attempting to stop Apache (PID: 12968)
8:36:24 PM  [Apache] 	Attempting to stop Apache (PID: 12604)
8:36:24 PM  [Apache] 	Status change detected: stopped
9:19:03 PM  [Apache] 	Attempting to start Apache app...
9:19:03 PM  [Apache] 	Status change detected: running
9:19:03 PM  [mysql] 	Attempting to start MySQL app...
9:19:04 PM  [mysql] 	Status change detected: running
11:04:01 PM  [mysql] 	Attempting to stop MySQL app...
11:04:01 PM  [mysql] 	Status change detected: stopped
11:04:01 PM  [Apache] 	Attempting to stop Apache (PID: 1692)
11:04:01 PM  [Apache] 	Attempting to stop Apache (PID: 2640)
11:04:02 PM  [Apache] 	Status change detected: stopped
11:46:36 PM  [main] 	Deinitializing Modules
11:46:36 PM  [main] 	Deinitializing Control Panel

8:00:32 PM  [main] 	Initializing Control Panel
8:00:32 PM  [main] 	Windows Version:  Enterprise  64-bit
8:00:32 PM  [main] 	XAMPP Version: 7.3.9
8:00:32 PM  [main] 	Control Panel Version: 3.2.4  [ Compiled: Jun 5th 2019 ]
8:00:32 PM  [main] 	You are not running with administrator rights! This will work for
8:00:32 PM  [main] 	most application stuff but whenever you do something with services
8:00:32 PM  [main] 	there will be a security dialogue or things will break! So think 
8:00:32 PM  [main] 	about running this application with administrator rights!
8:00:32 PM  [main] 	XAMPP Installation Directory: "d:\cnweb\cse485_175a071210\xampp\"
8:00:32 PM  [main] 	Checking for prerequisites
8:00:32 PM  [main] 	All prerequisites found
8:00:32 PM  [main] 	Initializing Modules
8:00:32 PM  [main] 	Starting Check-Timer
8:00:32 PM  [main] 	Control Panel Ready
8:00:34 PM  [Apache] 	Attempting to start Apache app...
8:00:34 PM  [Apache] 	Status change detected: running
8:00:35 PM  [mysql] 	Attempting to start MySQL app...
8:00:35 PM  [mysql] 	Status change detected: running
8:01:02 PM  [mysql] 	Attempting to stop MySQL app...
8:01:03 PM  [mysql] 	Status change detected: stopped
8:01:03 PM  [Apache] 	Attempting to stop Apache (PID: 4308)
8:01:03 PM  [Apache] 	Attempting to stop Apache (PID: 11764)
8:01:03 PM  [Apache] 	Status change detected: stopped
11:29:42 PM  [main] 	Deinitializing Modules
11:29:42 PM  [main] 	Deinitializing Control Panel

